<?xml version="1.0" encoding="UTF-8"?>
<!-- Generated by org.testng.reporters.JUnitXMLReporter -->
<testsuite hostname="SEIXDTCDj000126" name="Default test" tests="2" failures="0" timestamp="9 Dec 2019 10:29:25 GMT" time="2.227" errors="0">
  <testcase name="@BeforeClass devicePreCheck" time="0.0" classname="runner.RunCuke">
    <failure type="org.testng.TestNGException" message="
Parameter &amp;apos;mobiledevice&amp;apos; is required by @Configuration on method devicePreCheck but has not been marked @Optional or defined
in C:\Users\PAAVULA\AppData\Local\Temp\testng-eclipse-659426495\testng-customsuite.xml">
      <![CDATA[org.testng.TestNGException: 
Parameter 'mobiledevice' is required by @Configuration on method devicePreCheck but has not been marked @Optional or defined
in C:\Users\PAAVULA\AppData\Local\Temp\testng-eclipse-659426495\testng-customsuite.xml
	at org.testng.internal.Parameters.createParameters(Parameters.java:155)
	at org.testng.internal.Parameters.createParameters(Parameters.java:355)
	at org.testng.internal.Parameters.createConfigurationParameters(Parameters.java:86)
	at org.testng.internal.Invoker.invokeConfigurations(Invoker.java:199)
	at org.testng.internal.Invoker.invokeConfigurations(Invoker.java:138)
	at org.testng.internal.TestMethodWorker.invokeBeforeClassMethods(TestMethodWorker.java:175)
	at org.testng.internal.TestMethodWorker.run(TestMethodWorker.java:107)
	at org.testng.TestRunner.privateRun(TestRunner.java:767)
	at org.testng.TestRunner.run(TestRunner.java:617)
	at org.testng.SuiteRunner.runTest(SuiteRunner.java:334)
	at org.testng.SuiteRunner.runSequentially(SuiteRunner.java:329)
	at org.testng.SuiteRunner.privateRun(SuiteRunner.java:291)
	at org.testng.SuiteRunner.run(SuiteRunner.java:240)
	at org.testng.SuiteRunnerWorker.runSuite(SuiteRunnerWorker.java:52)
	at org.testng.SuiteRunnerWorker.run(SuiteRunnerWorker.java:86)
	at org.testng.TestNG.runSuitesSequentially(TestNG.java:1198)
	at org.testng.TestNG.runSuitesLocally(TestNG.java:1123)
	at org.testng.TestNG.run(TestNG.java:1031)
	at org.testng.remote.AbstractRemoteTestNG.run(AbstractRemoteTestNG.java:115)
	at org.testng.remote.RemoteTestNG.initAndRun(RemoteTestNG.java:251)
	at org.testng.remote.RemoteTestNG.main(RemoteTestNG.java:77)
]]>
    </failure>
  </testcase> <!-- @BeforeClass devicePreCheck -->
  <testcase name="@AfterClass writeExtentReport" time="0.0" classname="runner.RunCuke">
    <skipped/>
  </testcase> <!-- @AfterClass writeExtentReport -->
  <testcase name="feature" time="0.002" classname="runner.RunCuke">
    <skipped/>
  </testcase> <!-- feature -->
  <testcase name="feature" time="0.005" classname="runner.RunCuke">
    <skipped/>
  </testcase> <!-- feature -->
</testsuite> <!-- Default test -->
