<?xml version="1.0" encoding="UTF-8"?>
<testng-results skipped="2" failed="0" total="2" passed="0">
  <reporter-output>
  </reporter-output>
  <suite name="Default suite" duration-ms="2227" started-at="2019-12-09T10:29:22Z" finished-at="2019-12-09T10:29:25Z">
    <groups>
      <group name="cucumber">
        <method signature="AbstractTestNGCucumberTests.feature(cucumber.api.testng.CucumberFeatureWrapper)[pri:0, instance:runner.RunCuke@646d64ab]" name="feature" class="cucumber.api.testng.AbstractTestNGCucumberTests"/>
      </group> <!-- cucumber -->
    </groups>
    <test name="Default test" duration-ms="2227" started-at="2019-12-09T10:29:22Z" finished-at="2019-12-09T10:29:25Z">
      <class name="runner.RunCuke">
        <test-method status="PASS" signature="setUpClass()[pri:0, instance:runner.RunCuke@646d64ab]" name="setUpClass" is-config="true" duration-ms="1340" started-at="2019-12-09T15:59:22Z" finished-at="2019-12-09T15:59:24Z">
          <reporter-output>
          </reporter-output>
        </test-method> <!-- setUpClass -->
        <test-method status="FAIL" signature="devicePreCheck(java.lang.String)[pri:0, instance:runner.RunCuke@646d64ab]" name="devicePreCheck" is-config="true" duration-ms="0" started-at="2019-12-09T15:59:24Z" finished-at="2019-12-09T15:59:24Z">
          <exception class="org.testng.TestNGException">
            <message>
              <![CDATA[
Parameter 'mobiledevice' is required by @Configuration on method devicePreCheck but has not been marked @Optional or defined
in C:\Users\PAAVULA\AppData\Local\Temp\testng-eclipse-659426495\testng-customsuite.xml]]>
            </message>
            <full-stacktrace>
              <![CDATA[org.testng.TestNGException: 
Parameter 'mobiledevice' is required by @Configuration on method devicePreCheck but has not been marked @Optional or defined
in C:\Users\PAAVULA\AppData\Local\Temp\testng-eclipse-659426495\testng-customsuite.xml
	at org.testng.internal.Parameters.createParameters(Parameters.java:155)
	at org.testng.internal.Parameters.createParameters(Parameters.java:355)
	at org.testng.internal.Parameters.createConfigurationParameters(Parameters.java:86)
	at org.testng.internal.Invoker.invokeConfigurations(Invoker.java:199)
	at org.testng.internal.Invoker.invokeConfigurations(Invoker.java:138)
	at org.testng.internal.TestMethodWorker.invokeBeforeClassMethods(TestMethodWorker.java:175)
	at org.testng.internal.TestMethodWorker.run(TestMethodWorker.java:107)
	at org.testng.TestRunner.privateRun(TestRunner.java:767)
	at org.testng.TestRunner.run(TestRunner.java:617)
	at org.testng.SuiteRunner.runTest(SuiteRunner.java:334)
	at org.testng.SuiteRunner.runSequentially(SuiteRunner.java:329)
	at org.testng.SuiteRunner.privateRun(SuiteRunner.java:291)
	at org.testng.SuiteRunner.run(SuiteRunner.java:240)
	at org.testng.SuiteRunnerWorker.runSuite(SuiteRunnerWorker.java:52)
	at org.testng.SuiteRunnerWorker.run(SuiteRunnerWorker.java:86)
	at org.testng.TestNG.runSuitesSequentially(TestNG.java:1198)
	at org.testng.TestNG.runSuitesLocally(TestNG.java:1123)
	at org.testng.TestNG.run(TestNG.java:1031)
	at org.testng.remote.AbstractRemoteTestNG.run(AbstractRemoteTestNG.java:115)
	at org.testng.remote.RemoteTestNG.initAndRun(RemoteTestNG.java:251)
	at org.testng.remote.RemoteTestNG.main(RemoteTestNG.java:77)
]]>
            </full-stacktrace>
          </exception> <!-- org.testng.TestNGException -->
          <reporter-output>
          </reporter-output>
        </test-method> <!-- devicePreCheck -->
        <test-method status="SKIP" signature="feature(cucumber.api.testng.CucumberFeatureWrapper)[pri:0, instance:runner.RunCuke@646d64ab]" name="feature" duration-ms="2" started-at="2019-12-09T15:59:24Z" description="Runs Cucumber Feature" data-provider="features" finished-at="2019-12-09T15:59:24Z">
          <params>
            <param index="0">
              <value>
                <![CDATA[Strayer Forms Suite]]>
              </value>
            </param>
          </params>
          <reporter-output>
          </reporter-output>
        </test-method> <!-- feature -->
        <test-method status="SKIP" signature="feature(cucumber.api.testng.CucumberFeatureWrapper)[pri:0, instance:runner.RunCuke@646d64ab]" name="feature" duration-ms="5" started-at="2019-12-09T15:59:24Z" description="Runs Cucumber Feature" data-provider="features" finished-at="2019-12-09T15:59:24Z">
          <params>
            <param index="0">
              <value>
                <![CDATA[VC Forms Suite]]>
              </value>
            </param>
          </params>
          <reporter-output>
          </reporter-output>
        </test-method> <!-- feature -->
        <test-method status="SKIP" signature="writeExtentReport()[pri:0, instance:runner.RunCuke@646d64ab]" name="writeExtentReport" is-config="true" duration-ms="0" started-at="2019-12-09T15:59:24Z" finished-at="2019-12-09T15:59:24Z">
          <reporter-output>
          </reporter-output>
        </test-method> <!-- writeExtentReport -->
        <test-method status="PASS" signature="tearDownClass()[pri:0, instance:runner.RunCuke@646d64ab]" name="tearDownClass" is-config="true" duration-ms="517" started-at="2019-12-09T15:59:24Z" finished-at="2019-12-09T15:59:25Z">
          <reporter-output>
          </reporter-output>
        </test-method> <!-- tearDownClass -->
      </class> <!-- runner.RunCuke -->
    </test> <!-- Default test -->
  </suite> <!-- Default suite -->
</testng-results>
